# JRE version: Java(TM) SE Runtime Environment (8.0_91-b14) (build 1.8.0_91-b14)
# Java VM: Java HotSpot(TM) 64-Bit Server VM (25.91-b14 mixed mode windows-amd64 compressed oops)
Heap:
 PSYoungGen      total 36352K, used 14972K [0x00000000d7700000, 0x00000000daa00000, 0x0000000100000000)
  eden space 31232K, 31% used [0x00000000d7700000,0x00000000d80a7108,0x00000000d9580000)
  from space 5120K, 99% used [0x00000000d9580000,0x00000000d9a78020,0x00000000d9a80000)
  to   space 5120K, 0% used [0x00000000da500000,0x00000000da500000,0x00000000daa00000)
 ParOldGen       total 60928K, used 11269K [0x0000000086400000, 0x0000000089f80000, 0x00000000d7700000)
  object space 60928K, 18% used [0x0000000086400000,0x0000000086f01640,0x0000000089f80000)
 Metaspace       used 23319K, capacity 25122K, committed 25216K, reserved 1071104K
  class space    used 3315K, capacity 3670K, committed 3712K, reserved 1048576K
GC Heap History (8 events):
Event: 1.342 GC heap before
{Heap before GC invocations=1 (full 0):
 PSYoungGen      total 36352K, used 31232K [0x00000000d7700000, 0x00000000d9f80000, 0x0000000100000000)
  eden space 31232K, 100% used [0x00000000d7700000,0x00000000d9580000,0x00000000d9580000)
  from space 5120K, 0% used [0x00000000d9a80000,0x00000000d9a80000,0x00000000d9f80000)
  to   space 5120K, 0% used [0x00000000d9580000,0x00000000d9580000,0x00000000d9a80000)
 ParOldGen       total 83456K, used 0K [0x0000000086400000, 0x000000008b580000, 0x00000000d7700000)
  object space 83456K, 0% used [0x0000000086400000,0x0000000086400000,0x000000008b580000)
 Metaspace       used 15918K, capacity 16598K, committed 16896K, reserved 1062912K
  class space    used 2282K, capacity 2484K, committed 2560K, reserved 1048576K
Event: 1.348 GC heap after
Heap after GC invocations=1 (full 0):
 PSYoungGen      total 36352K, used 5094K [0x00000000d7700000, 0x00000000d9f80000, 0x0000000100000000)
  eden space 31232K, 0% used [0x00000000d7700000,0x00000000d7700000,0x00000000d9580000)
  from space 5120K, 99% used [0x00000000d9580000,0x00000000d9a79b98,0x00000000d9a80000)
  to   space 5120K, 0% used [0x00000000d9a80000,0x00000000d9a80000,0x00000000d9f80000)
 ParOldGen       total 83456K, used 371K [0x0000000086400000, 0x000000008b580000, 0x00000000d7700000)
  object space 83456K, 0% used [0x0000000086400000,0x000000008645cdc8,0x000000008b580000)
 Metaspace       used 15918K, capacity 16598K, committed 16896K, reserved 1062912K
  class space    used 2282K, capacity 2484K, committed 2560K, reserved 1048576K
}
Event: 4.921 GC heap before
{Heap before GC invocations=2 (full 0):
 PSYoungGen      total 36352K, used 20100K [0x00000000d7700000, 0x00000000d9f80000, 0x0000000100000000)
  eden space 31232K, 48% used [0x00000000d7700000,0x00000000d85a7858,0x00000000d9580000)
  from space 5120K, 99% used [0x00000000d9580000,0x00000000d9a79b98,0x00000000d9a80000)
  to   space 5120K, 0% used [0x00000000d9a80000,0x00000000d9a80000,0x00000000d9f80000)
 ParOldGen       total 83456K, used 371K [0x0000000086400000, 0x000000008b580000, 0x00000000d7700000)
  object space 83456K, 0% used [0x0000000086400000,0x000000008645cdc8,0x000000008b580000)
 Metaspace       used 19846K, capacity 21124K, committed 21248K, reserved 1067008K
  class space    used 2957K, capacity 3241K, committed 3328K, reserved 1048576K
Event: 4.930 GC heap after
Heap after GC invocations=2 (full 0):
 PSYoungGen      total 36352K, used 5092K [0x00000000d7700000, 0x00000000d9f80000, 0x0000000100000000)
  eden space 31232K, 0% used [0x00000000d7700000,0x00000000d7700000,0x00000000d9580000)
  from space 5120K, 99% used [0x00000000d9a80000,0x00000000d9f79200,0x00000000d9f80000)
  to   space 5120K, 0% used [0x00000000d9580000,0x00000000d9580000,0x00000000d9a80000)
 ParOldGen       total 83456K, used 1563K [0x0000000086400000, 0x000000008b580000, 0x00000000d7700000)
  object space 83456K, 1% used [0x0000000086400000,0x0000000086586dc8,0x000000008b580000)
 Metaspace       used 19846K, capacity 21124K, committed 21248K, reserved 1067008K
  class space    used 2957K, capacity 3241K, committed 3328K, reserved 1048576K
}
Event: 4.930 GC heap before
{Heap before GC invocations=3 (full 1):
 PSYoungGen      total 36352K, used 5092K [0x00000000d7700000, 0x00000000d9f80000, 0x0000000100000000)
  eden space 31232K, 0% used [0x00000000d7700000,0x00000000d7700000,0x00000000d9580000)
  from space 5120K, 99% used [0x00000000d9a80000,0x00000000d9f79200,0x00000000d9f80000)
  to   space 5120K, 0% used [0x00000000d9580000,0x00000000d9580000,0x00000000d9a80000)
 ParOldGen       total 83456K, used 1563K [0x0000000086400000, 0x000000008b580000, 0x00000000d7700000)
  object space 83456K, 1% used [0x0000000086400000,0x0000000086586dc8,0x000000008b580000)
 Metaspace       used 19846K, capacity 21124K, committed 21248K, reserved 1067008K
  class space    used 2957K, capacity 3241K, committed 3328K, reserved 1048576K
Event: 4.970 GC heap after
Heap after GC invocations=3 (full 1):
 PSYoungGen      total 36352K, used 0K [0x00000000d7700000, 0x00000000d9f80000, 0x0000000100000000)
  eden space 31232K, 0% used [0x00000000d7700000,0x00000000d7700000,0x00000000d9580000)
  from space 5120K, 0% used [0x00000000d9a80000,0x00000000d9a80000,0x00000000d9f80000)
  to   space 5120K, 0% used [0x00000000d9580000,0x00000000d9580000,0x00000000d9a80000)
 ParOldGen       total 60928K, used 6238K [0x0000000086400000, 0x0000000089f80000, 0x00000000d7700000)
  object space 60928K, 10% used [0x0000000086400000,0x0000000086a17a18,0x0000000089f80000)
 Metaspace       used 19846K, capacity 21124K, committed 21248K, reserved 1067008K
  class space    used 2957K, capacity 3241K, committed 3328K, reserved 1048576K
}
Event: 7.834 GC heap before
{Heap before GC invocations=4 (full 1):
 PSYoungGen      total 36352K, used 31232K [0x00000000d7700000, 0x00000000d9f80000, 0x0000000100000000)
  eden space 31232K, 100% used [0x00000000d7700000,0x00000000d9580000,0x00000000d9580000)
  from space 5120K, 0% used [0x00000000d9a80000,0x00000000d9a80000,0x00000000d9f80000)
  to   space 5120K, 0% used [0x00000000d9580000,0x00000000d9580000,0x00000000d9a80000)
 ParOldGen       total 60928K, used 6238K [0x0000000086400000, 0x0000000089f80000, 0x00000000d7700000)
  object space 60928K, 10% used [0x0000000086400000,0x0000000086a17a18,0x0000000089f80000)
 Metaspace       used 22654K, capacity 24332K, committed 24576K, reserved 1071104K
  class space    used 3245K, capacity 3551K, committed 3584K, reserved 1048576K
Event: 7.850 GC heap after
Heap after GC invocations=4 (full 1):
 PSYoungGen      total 36352K, used 5088K [0x00000000d7700000, 0x00000000daa00000, 0x0000000100000000)
  eden space 31232K, 0% used [0x00000000d7700000,0x00000000d7700000,0x00000000d9580000)
  from space 5120K, 99% used [0x00000000d9580000,0x00000000d9a78020,0x00000000d9a80000)
  to   space 5120K, 0% used [0x00000000da500000,0x00000000da500000,0x00000000daa00000)
 ParOldGen       total 60928K, used 11269K [0x0000000086400000, 0x0000000089f80000, 0x00000000d7700000)
  object space 60928K, 18% used [0x0000000086400000,0x0000000086f01640,0x0000000089f80000)
 Metaspace       used 22654K, capacity 24332K, committed 24576K, reserved 1071104K
  class space    used 3245K, capacity 3551K, committed 3584K, reserved 1048576K
}

